TN:
SF:E:\Dev\QDelft\React\testing\enzyme-example-karma-webpack\test\Foo-test.js
FN:0,_interopRequireDefault
FN:5,(anonymous_2)
FN:6,(anonymous_3)
FN:10,(anonymous_4)
FN:14,(anonymous_5)
FN:18,(anonymous_6)
FNF:6
FNH:6
FNDA:2,_interopRequireDefault
FNDA:1,(anonymous_2)
FNDA:1,(anonymous_3)
FNDA:1,(anonymous_4)
FNDA:1,(anonymous_5)
FNDA:1,(anonymous_6)
DA:0,2
DA:1,1
DA:2,1
DA:3,1
DA:5,1
DA:6,1
DA:7,1
DA:10,1
DA:11,1
DA:14,1
DA:15,1
DA:18,1
DA:19,1
LF:13
LH:13
BRDA:0,1,0,1
BRDA:0,1,1,1
BRDA:0,2,0,2
BRDA:0,2,1,2
BRF:4
BRH:4
end_of_record
TN:
SF:E:\Dev\QDelft\React\testing\enzyme-example-karma-webpack\src\Foo.js
FN:0,(anonymous_1)
FN:0,defineProperties
FN:0,(anonymous_3)
FN:0,_interopRequireDefault
FN:0,_classCallCheck
FN:0,_possibleConstructorReturn
FN:0,_inherits
FN:0,(anonymous_8)
FN:8,Foo
FN:12,render
FNF:10
FNH:10
FNDA:1,(anonymous_1)
FNDA:1,defineProperties
FNDA:1,(anonymous_3)
FNDA:1,_interopRequireDefault
FNDA:4,_classCallCheck
FNDA:4,_possibleConstructorReturn
FNDA:1,_inherits
FNDA:1,(anonymous_8)
FNDA:4,Foo
FNDA:4,render
DA:0,4
DA:1,1
DA:3,1
DA:5,1
DA:7,1
DA:8,1
DA:9,4
DA:14,4
DA:19,1
DA:20,1
DA:22,1
LF:11
LH:11
BRDA:0,1,0,1
BRDA:0,1,1,1
BRDA:0,2,0,1
BRDA:0,2,1,0
BRDA:0,3,0,1
BRDA:0,3,1,0
BRDA:0,4,0,0
BRDA:0,4,1,1
BRDA:0,5,0,0
BRDA:0,5,1,1
BRDA:0,6,0,1
BRDA:0,6,1,1
BRDA:0,7,0,0
BRDA:0,7,1,4
BRDA:0,8,0,0
BRDA:0,8,1,4
BRDA:0,9,0,0
BRDA:0,9,1,4
BRDA:0,10,0,4
BRDA:0,10,1,0
BRDA:0,10,2,0
BRDA:0,11,0,0
BRDA:0,11,1,1
BRDA:0,12,0,1
BRDA:0,12,1,0
BRDA:0,13,0,1
BRDA:0,13,1,1
BRDA:0,14,0,1
BRDA:0,14,1,0
BRDA:0,15,0,0
BRDA:0,15,1,1
BRDA:9,16,0,4
BRDA:9,16,1,0
BRF:33
BRH:32
end_of_record
